<?xml version="1.0" encoding="UTF-8"?>
<!-- Generated by org.testng.reporters.JUnitXMLReporter -->
<testsuite ignored="0" hostname="LAPTOP-2EIRFG7B" failures="0" tests="4" name="Test" time="0.104" errors="0" timestamp="2021-08-06T00:06:09 IST">
  <testcase classname="scripts.Test4" name="tc4" time="0.018"/>
  <testcase classname="scripts.Test3" name="tc3" time="0.002"/>
  <testcase classname="scripts.Test2" name="tc2" time="0.002"/>
  <testcase classname="scripts.Test1" name="tc1" time="0.003"/>
</testsuite> <!-- Test -->
